<?xml version="1.0" encoding="UTF-8"?>
<!-- Generated by org.testng.reporters.JUnitReportReporter -->
<testsuite hostname="Sakthi" failures="0" tests="1" name="runner.Test_runner" time="4.815" errors="0" timestamp="2024-11-15T13:20:42 IST" skipped="0">
  <testcase classname="runner.Test_runner" name="runScenario" time="4.815"/>
</testsuite> <!-- runner.Test_runner -->
